<?xml version="1.0" encoding="UTF-8"?>
<testsuite name="ScrabbleScoreTest" tests="6" skipped="0" failures="0" errors="0" timestamp="2017-06-27T23:07:30" hostname="epicodus-3.local" time="0.002">
  <properties/>
  <testcase name="calculateScore_returnsScoreForTwoCharacterTwoPointLetter_1" classname="ScrabbleScoreTest" time="0.001"/>
  <testcase name="calculateScore_returnsScoreForOnePointLetter_1" classname="ScrabbleScoreTest" time="0.0"/>
  <testcase name="calculateScore_returnsScoreForTwoCharacterThreePointLetter_1" classname="ScrabbleScoreTest" time="0.0"/>
  <testcase name="calculateScore_returnsScoreForTwoPointLetter_1" classname="ScrabbleScoreTest" time="0.0"/>
  <testcase name="calculateScore_returnsScoreForEighteenPointLetter_1" classname="ScrabbleScoreTest" time="0.0"/>
  <testcase name="calculateScore_returnsScoreForA_1" classname="ScrabbleScoreTest" time="0.0"/>
  <system-out><![CDATA[]]></system-out>
  <system-err><![CDATA[]]></system-err>
</testsuite>
